[2.172s] Invoking command in '/home/josea/ros2_ws/src/basic_comms': PYTHONPATH=/home/josea/ros2_ws/build/basic_comms/prefix_override:/usr/lib/python3/dist-packages/colcon_core/task/python/colcon_distutils_commands:/home/josea/ros2_ws/install/basic_comms/lib/python3.10/site-packages:${PYTHONPATH} /usr/bin/python3 -W ignore:setup.py install is deprecated -W ignore:easy_install command is deprecated setup.py egg_info --egg-base ../../build/basic_comms build --build-base /home/josea/ros2_ws/build/basic_comms/build install --record /home/josea/ros2_ws/build/basic_comms/install.log --single-version-externally-managed install_data
[2.498s] Traceback (most recent call last):
[2.498s]   File "/usr/lib/python3/dist-packages/pkg_resources/__init__.py", line 2031, in try_parse
[2.505s]     return packaging.version.Version(name)
[2.505s]   File "/usr/lib/python3/dist-packages/pkg_resources/_vendor/packaging/version.py", line 266, in __init__
[2.509s]     raise InvalidVersion(f"Invalid version: '{version}'")
[2.509s] pkg_resources.extern.packaging.version.InvalidVersion: Invalid version: '/opt/ros/humble/local/lib/python3.10/dist'
[2.509s] 
[2.509s] During handling of the above exception, another exception occurred:
[2.510s] 
[2.510s] Traceback (most recent call last):
[2.510s]   File "/home/josea/ros2_ws/src/basic_comms/setup.py", line 1, in <module>
[2.512s]     from setuptools import find_packages, setup
[2.512s]   File "/usr/lib/python3/dist-packages/setuptools/__init__.py", line 16, in <module>
[2.515s]     import setuptools.version
[2.516s]   File "/usr/lib/python3/dist-packages/setuptools/version.py", line 1, in <module>
[2.516s]     import pkg_resources
[2.516s]   File "/usr/lib/python3/dist-packages/pkg_resources/__init__.py", line 3267, in <module>
[2.516s]     def _initialize_master_working_set():
[2.516s]   File "/usr/lib/python3/dist-packages/pkg_resources/__init__.py", line 3241, in _call_aside
[2.523s]     f(*args, **kwargs)
[2.523s]   File "/usr/lib/python3/dist-packages/pkg_resources/__init__.py", line 3279, in _initialize_master_working_set
[2.523s]     working_set = WorkingSet._build_master()
[2.523s]   File "/usr/lib/python3/dist-packages/pkg_resources/__init__.py", line 564, in _build_master
[2.526s]     ws = cls()
[2.526s]   File "/usr/lib/python3/dist-packages/pkg_resources/__init__.py", line 557, in __init__
[2.527s]     self.add_entry(entry)
[2.527s]   File "/usr/lib/python3/dist-packages/pkg_resources/__init__.py", line 613, in add_entry
[2.530s]     for dist in find_distributions(entry, True):
[2.530s]   File "/usr/lib/python3/dist-packages/pkg_resources/__init__.py", line 2073, in find_on_path
[2.531s]     path_item_entries = _by_version_descending(filtered)
[2.535s]   File "/usr/lib/python3/dist-packages/pkg_resources/__init__.py", line 2043, in _by_version_descending
[2.535s]     return sorted(names, key=_by_version, reverse=True)
[2.536s]   File "/usr/lib/python3/dist-packages/pkg_resources/__init__.py", line 2041, in _by_version
[2.536s]     return [try_parse(part) for part in parts]
[2.536s]   File "/usr/lib/python3/dist-packages/pkg_resources/__init__.py", line 2041, in <listcomp>
[2.536s]     return [try_parse(part) for part in parts]
[2.537s]   File "/usr/lib/python3/dist-packages/pkg_resources/__init__.py", line 2033, in try_parse
[2.537s]     return packaging.version.Version('0')
[2.541s]   File "/usr/lib/python3/dist-packages/pkg_resources/_vendor/packaging/version.py", line 281, in __init__
[2.542s]     self._key = _cmpkey(
[2.544s]   File "/usr/lib/python3/dist-packages/pkg_resources/_vendor/packaging/version.py", line 458, in _cmpkey
[2.544s]     _release = tuple(
[2.544s] KeyboardInterrupt
[2.581s] Invoked command in '/home/josea/ros2_ws/src/basic_comms' returned '-2': PYTHONPATH=/home/josea/ros2_ws/build/basic_comms/prefix_override:/usr/lib/python3/dist-packages/colcon_core/task/python/colcon_distutils_commands:/home/josea/ros2_ws/install/basic_comms/lib/python3.10/site-packages:${PYTHONPATH} /usr/bin/python3 -W ignore:setup.py install is deprecated -W ignore:easy_install command is deprecated setup.py egg_info --egg-base ../../build/basic_comms build --build-base /home/josea/ros2_ws/build/basic_comms/build install --record /home/josea/ros2_ws/build/basic_comms/install.log --single-version-externally-managed install_data
