[0.000000] (-) TimerEvent: {}
[0.000967] (basic_comms) JobQueued: {'identifier': 'basic_comms', 'dependencies': OrderedDict()}
[0.001501] (challenge01) JobQueued: {'identifier': 'challenge01', 'dependencies': OrderedDict()}
[0.001553] (challenge02) JobQueued: {'identifier': 'challenge02', 'dependencies': OrderedDict()}
[0.001588] (motor_control) JobQueued: {'identifier': 'motor_control', 'dependencies': OrderedDict()}
[0.001719] (my_pack_clas) JobQueued: {'identifier': 'my_pack_clas', 'dependencies': OrderedDict()}
[0.001757] (basic_comms) JobStarted: {'identifier': 'basic_comms'}
[0.018330] (challenge01) JobStarted: {'identifier': 'challenge01'}
[0.099386] (-) TimerEvent: {}
[0.199858] (-) TimerEvent: {}
[0.300316] (-) TimerEvent: {}
[0.400698] (-) TimerEvent: {}
[0.501104] (-) TimerEvent: {}
[0.602980] (-) TimerEvent: {}
[0.703440] (-) TimerEvent: {}
[0.803958] (-) TimerEvent: {}
[0.904375] (-) TimerEvent: {}
[1.004984] (-) TimerEvent: {}
[1.105411] (-) TimerEvent: {}
[1.206700] (-) TimerEvent: {}
[1.307134] (-) TimerEvent: {}
[1.407551] (-) TimerEvent: {}
[1.509695] (-) TimerEvent: {}
[1.610140] (-) TimerEvent: {}
[1.710552] (-) TimerEvent: {}
[1.810968] (-) TimerEvent: {}
[1.912705] (-) TimerEvent: {}
[2.013149] (-) TimerEvent: {}
[2.113162] (challenge01) Command: {'cmd': ['/usr/bin/python3', '-W', 'ignore:setup.py install is deprecated', '-W', 'ignore:easy_install command is deprecated', 'setup.py', 'egg_info', '--egg-base', '../../build/challenge01', 'build', '--build-base', '/home/josea/ros2_ws/build/challenge01/build', 'install', '--record', '/home/josea/ros2_ws/build/challenge01/install.log', '--single-version-externally-managed', 'install_data'], 'cwd': '/home/josea/ros2_ws/src/challenge01', 'env': {'LESSOPEN': '| /usr/bin/lesspipe %s', 'USER': 'josea', 'XDG_SESSION_TYPE': 'wayland', 'SHLVL': '1', 'LD_LIBRARY_PATH': '/opt/ros/humble/opt/rviz_ogre_vendor/lib:/opt/ros/humble/lib/x86_64-linux-gnu:/opt/ros/humble/lib', 'HOME': '/home/josea', 'OLDPWD': '/home/josea', 'DESKTOP_SESSION': 'ubuntu', 'ROS_PYTHON_VERSION': '3', 'GNOME_SHELL_SESSION_MODE': 'ubuntu', 'GTK_MODULES': 'gail:atk-bridge', 'MANAGERPID': '1265', 'SYSTEMD_EXEC_PID': '1596', 'DBUS_SESSION_BUS_ADDRESS': 'unix:path=/run/user/1000/bus', 'COLORTERM': 'truecolor', 'TERMINATOR_DBUS_NAME': 'net.tenshu.Terminator25ef4b219e3b005583550f2b0f9f990c3', 'GIO_LAUNCHED_DESKTOP_FILE_PID': '8264', 'IM_CONFIG_PHASE': '1', 'WAYLAND_DISPLAY': 'wayland-0', 'COLCON_PREFIX_PATH': '/home/josea/ros2_ws/install', 'ROS_DISTRO': 'humble', 'LOGNAME': 'josea', 'JOURNAL_STREAM': '8:13547', '_': '/usr/bin/colcon', 'ROS_VERSION': '2', 'XDG_SESSION_CLASS': 'user', 'USERNAME': 'josea', 'TERM': 'xterm-256color', 'GNOME_DESKTOP_SESSION_ID': 'this-is-deprecated', 'ROS_LOCALHOST_ONLY': '0', 'PATH': '/opt/ros/humble/bin:/usr/local/sbin:/usr/local/bin:/usr/sbin:/usr/bin:/sbin:/bin:/usr/games:/usr/local/games:/snap/bin:/snap/bin', 'SESSION_MANAGER': 'local/josea-VivoBook-15-ASUS-Laptop-X540BA:@/tmp/.ICE-unix/1406,unix/josea-VivoBook-15-ASUS-Laptop-X540BA:/tmp/.ICE-unix/1406', 'INVOCATION_ID': 'f03411258bea4e14bb978d8c401be82a', 'XDG_MENU_PREFIX': 'gnome-', 'GNOME_SETUP_DISPLAY': ':1', 'XDG_RUNTIME_DIR': '/run/user/1000', 'DISPLAY': ':0', 'TERMINATOR_DBUS_PATH': '/net/tenshu/Terminator2', 'LANG': 'en_US.UTF-8', 'XDG_CURRENT_DESKTOP': 'ubuntu:GNOME', 'IBUS_DISABLE_SNOOPER': '1', 'XMODIFIERS': '@im=ibus', 'XDG_SESSION_DESKTOP': 'ubuntu', 'XAUTHORITY': '/run/user/1000/.mutter-Xwaylandauth.YPL112', 'LS_COLORS': 'rs=0:di=01;34:ln=01;36:mh=00:pi=40;33:so=01;35:do=01;35:bd=40;33;01:cd=40;33;01:or=40;31;01:mi=00:su=37;41:sg=30;43:ca=30;41:tw=30;42:ow=34;42:st=37;44:ex=01;32:*.tar=01;31:*.tgz=01;31:*.arc=01;31:*.arj=01;31:*.taz=01;31:*.lha=01;31:*.lz4=01;31:*.lzh=01;31:*.lzma=01;31:*.tlz=01;31:*.txz=01;31:*.tzo=01;31:*.t7z=01;31:*.zip=01;31:*.z=01;31:*.dz=01;31:*.gz=01;31:*.lrz=01;31:*.lz=01;31:*.lzo=01;31:*.xz=01;31:*.zst=01;31:*.tzst=01;31:*.bz2=01;31:*.bz=01;31:*.tbz=01;31:*.tbz2=01;31:*.tz=01;31:*.deb=01;31:*.rpm=01;31:*.jar=01;31:*.war=01;31:*.ear=01;31:*.sar=01;31:*.rar=01;31:*.alz=01;31:*.ace=01;31:*.zoo=01;31:*.cpio=01;31:*.7z=01;31:*.rz=01;31:*.cab=01;31:*.wim=01;31:*.swm=01;31:*.dwm=01;31:*.esd=01;31:*.jpg=01;35:*.jpeg=01;35:*.mjpg=01;35:*.mjpeg=01;35:*.gif=01;35:*.bmp=01;35:*.pbm=01;35:*.pgm=01;35:*.ppm=01;35:*.tga=01;35:*.xbm=01;35:*.xpm=01;35:*.tif=01;35:*.tiff=01;35:*.png=01;35:*.svg=01;35:*.svgz=01;35:*.mng=01;35:*.pcx=01;35:*.mov=01;35:*.mpg=01;35:*.mpeg=01;35:*.m2v=01;35:*.mkv=01;35:*.webm=01;35:*.webp=01;35:*.ogm=01;35:*.mp4=01;35:*.m4v=01;35:*.mp4v=01;35:*.vob=01;35:*.qt=01;35:*.nuv=01;35:*.wmv=01;35:*.asf=01;35:*.rm=01;35:*.rmvb=01;35:*.flc=01;35:*.avi=01;35:*.fli=01;35:*.flv=01;35:*.gl=01;35:*.dl=01;35:*.xcf=01;35:*.xwd=01;35:*.yuv=01;35:*.cgm=01;35:*.emf=01;35:*.ogv=01;35:*.ogx=01;35:*.aac=00;36:*.au=00;36:*.flac=00;36:*.m4a=00;36:*.mid=00;36:*.midi=00;36:*.mka=00;36:*.mp3=00;36:*.mpc=00;36:*.ogg=00;36:*.ra=00;36:*.wav=00;36:*.oga=00;36:*.opus=00;36:*.spx=00;36:*.xspf=00;36:', 'SSH_AGENT_LAUNCHER': 'gnome-keyring', 'SSH_AUTH_SOCK': '/run/user/1000/keyring/ssh', 'ROS_DOMAIN_ID': '69', 'AMENT_PREFIX_PATH': '/home/josea/ros2_ws/install/my_pack_clas:/home/josea/ros2_ws/install/motor_control:/home/josea/ros2_ws/install/challenge02:/home/josea/ros2_ws/install/challenge01:/home/josea/ros2_ws/install/basic_comms:/home/josea/ros2_ws/install/Challenge02:/opt/ros/humble', 'SHELL': '/bin/bash', 'TERMINATOR_UUID': 'urn:uuid:d8b13361-496c-4498-920c-c003c8f7ff3b', 'QT_ACCESSIBILITY': '1', 'GDMSESSION': 'ubuntu', 'LESSCLOSE': '/usr/bin/lesspipe %s %s', 'QT_IM_MODULE': 'ibus', 'PWD': '/home/josea/ros2_ws/build/challenge01', 'LC_ALL': 'en_US.UTF-8', 'XDG_CONFIG_DIRS': '/etc/xdg/xdg-ubuntu:/etc/xdg', 'XDG_DATA_DIRS': '/usr/share/ubuntu:/usr/local/share/:/usr/share/:/var/lib/snapd/desktop', 'PYTHONPATH': '/home/josea/ros2_ws/build/challenge01/prefix_override:/usr/lib/python3/dist-packages/colcon_core/task/python/colcon_distutils_commands:/home/josea/ros2_ws/install/challenge01/lib/python3.10/site-packages:/home/josea/ros2_ws/install/my_pack_clas/lib/python3.10/site-packages:/home/josea/ros2_ws/install/motor_control/lib/python3.10/site-packages:/home/josea/ros2_ws/install/challenge02/lib/python3.10/site-packages:/home/josea/ros2_ws/install/challenge01/lib/python3.10/site-packages:/home/josea/ros2_ws/install/basic_comms/lib/python3.10/site-packages:/home/josea/ros2_ws/install/Challenge02/lib/python3.10/site-packages:/opt/ros/humble/lib/python3.10/site-packages:/opt/ros/humble/local/lib/python3.10/dist-packages', 'COLCON': '1', 'VTE_VERSION': '6800'}, 'shell': False}
[2.116275] (-) TimerEvent: {}
[2.172498] (basic_comms) Command: {'cmd': ['/usr/bin/python3', '-W', 'ignore:setup.py install is deprecated', '-W', 'ignore:easy_install command is deprecated', 'setup.py', 'egg_info', '--egg-base', '../../build/basic_comms', 'build', '--build-base', '/home/josea/ros2_ws/build/basic_comms/build', 'install', '--record', '/home/josea/ros2_ws/build/basic_comms/install.log', '--single-version-externally-managed', 'install_data'], 'cwd': '/home/josea/ros2_ws/src/basic_comms', 'env': {'LESSOPEN': '| /usr/bin/lesspipe %s', 'USER': 'josea', 'XDG_SESSION_TYPE': 'wayland', 'SHLVL': '1', 'LD_LIBRARY_PATH': '/opt/ros/humble/opt/rviz_ogre_vendor/lib:/opt/ros/humble/lib/x86_64-linux-gnu:/opt/ros/humble/lib', 'HOME': '/home/josea', 'OLDPWD': '/home/josea', 'DESKTOP_SESSION': 'ubuntu', 'ROS_PYTHON_VERSION': '3', 'GNOME_SHELL_SESSION_MODE': 'ubuntu', 'GTK_MODULES': 'gail:atk-bridge', 'MANAGERPID': '1265', 'SYSTEMD_EXEC_PID': '1596', 'DBUS_SESSION_BUS_ADDRESS': 'unix:path=/run/user/1000/bus', 'COLORTERM': 'truecolor', 'TERMINATOR_DBUS_NAME': 'net.tenshu.Terminator25ef4b219e3b005583550f2b0f9f990c3', 'GIO_LAUNCHED_DESKTOP_FILE_PID': '8264', 'IM_CONFIG_PHASE': '1', 'WAYLAND_DISPLAY': 'wayland-0', 'COLCON_PREFIX_PATH': '/home/josea/ros2_ws/install', 'ROS_DISTRO': 'humble', 'LOGNAME': 'josea', 'JOURNAL_STREAM': '8:13547', '_': '/usr/bin/colcon', 'ROS_VERSION': '2', 'XDG_SESSION_CLASS': 'user', 'USERNAME': 'josea', 'TERM': 'xterm-256color', 'GNOME_DESKTOP_SESSION_ID': 'this-is-deprecated', 'ROS_LOCALHOST_ONLY': '0', 'PATH': '/opt/ros/humble/bin:/usr/local/sbin:/usr/local/bin:/usr/sbin:/usr/bin:/sbin:/bin:/usr/games:/usr/local/games:/snap/bin:/snap/bin', 'SESSION_MANAGER': 'local/josea-VivoBook-15-ASUS-Laptop-X540BA:@/tmp/.ICE-unix/1406,unix/josea-VivoBook-15-ASUS-Laptop-X540BA:/tmp/.ICE-unix/1406', 'INVOCATION_ID': 'f03411258bea4e14bb978d8c401be82a', 'XDG_MENU_PREFIX': 'gnome-', 'GNOME_SETUP_DISPLAY': ':1', 'XDG_RUNTIME_DIR': '/run/user/1000', 'DISPLAY': ':0', 'TERMINATOR_DBUS_PATH': '/net/tenshu/Terminator2', 'LANG': 'en_US.UTF-8', 'XDG_CURRENT_DESKTOP': 'ubuntu:GNOME', 'IBUS_DISABLE_SNOOPER': '1', 'XMODIFIERS': '@im=ibus', 'XDG_SESSION_DESKTOP': 'ubuntu', 'XAUTHORITY': '/run/user/1000/.mutter-Xwaylandauth.YPL112', 'LS_COLORS': 'rs=0:di=01;34:ln=01;36:mh=00:pi=40;33:so=01;35:do=01;35:bd=40;33;01:cd=40;33;01:or=40;31;01:mi=00:su=37;41:sg=30;43:ca=30;41:tw=30;42:ow=34;42:st=37;44:ex=01;32:*.tar=01;31:*.tgz=01;31:*.arc=01;31:*.arj=01;31:*.taz=01;31:*.lha=01;31:*.lz4=01;31:*.lzh=01;31:*.lzma=01;31:*.tlz=01;31:*.txz=01;31:*.tzo=01;31:*.t7z=01;31:*.zip=01;31:*.z=01;31:*.dz=01;31:*.gz=01;31:*.lrz=01;31:*.lz=01;31:*.lzo=01;31:*.xz=01;31:*.zst=01;31:*.tzst=01;31:*.bz2=01;31:*.bz=01;31:*.tbz=01;31:*.tbz2=01;31:*.tz=01;31:*.deb=01;31:*.rpm=01;31:*.jar=01;31:*.war=01;31:*.ear=01;31:*.sar=01;31:*.rar=01;31:*.alz=01;31:*.ace=01;31:*.zoo=01;31:*.cpio=01;31:*.7z=01;31:*.rz=01;31:*.cab=01;31:*.wim=01;31:*.swm=01;31:*.dwm=01;31:*.esd=01;31:*.jpg=01;35:*.jpeg=01;35:*.mjpg=01;35:*.mjpeg=01;35:*.gif=01;35:*.bmp=01;35:*.pbm=01;35:*.pgm=01;35:*.ppm=01;35:*.tga=01;35:*.xbm=01;35:*.xpm=01;35:*.tif=01;35:*.tiff=01;35:*.png=01;35:*.svg=01;35:*.svgz=01;35:*.mng=01;35:*.pcx=01;35:*.mov=01;35:*.mpg=01;35:*.mpeg=01;35:*.m2v=01;35:*.mkv=01;35:*.webm=01;35:*.webp=01;35:*.ogm=01;35:*.mp4=01;35:*.m4v=01;35:*.mp4v=01;35:*.vob=01;35:*.qt=01;35:*.nuv=01;35:*.wmv=01;35:*.asf=01;35:*.rm=01;35:*.rmvb=01;35:*.flc=01;35:*.avi=01;35:*.fli=01;35:*.flv=01;35:*.gl=01;35:*.dl=01;35:*.xcf=01;35:*.xwd=01;35:*.yuv=01;35:*.cgm=01;35:*.emf=01;35:*.ogv=01;35:*.ogx=01;35:*.aac=00;36:*.au=00;36:*.flac=00;36:*.m4a=00;36:*.mid=00;36:*.midi=00;36:*.mka=00;36:*.mp3=00;36:*.mpc=00;36:*.ogg=00;36:*.ra=00;36:*.wav=00;36:*.oga=00;36:*.opus=00;36:*.spx=00;36:*.xspf=00;36:', 'SSH_AGENT_LAUNCHER': 'gnome-keyring', 'SSH_AUTH_SOCK': '/run/user/1000/keyring/ssh', 'ROS_DOMAIN_ID': '69', 'AMENT_PREFIX_PATH': '/home/josea/ros2_ws/install/my_pack_clas:/home/josea/ros2_ws/install/motor_control:/home/josea/ros2_ws/install/challenge02:/home/josea/ros2_ws/install/challenge01:/home/josea/ros2_ws/install/basic_comms:/home/josea/ros2_ws/install/Challenge02:/opt/ros/humble', 'SHELL': '/bin/bash', 'TERMINATOR_UUID': 'urn:uuid:d8b13361-496c-4498-920c-c003c8f7ff3b', 'QT_ACCESSIBILITY': '1', 'GDMSESSION': 'ubuntu', 'LESSCLOSE': '/usr/bin/lesspipe %s %s', 'QT_IM_MODULE': 'ibus', 'PWD': '/home/josea/ros2_ws/build/basic_comms', 'LC_ALL': 'en_US.UTF-8', 'XDG_CONFIG_DIRS': '/etc/xdg/xdg-ubuntu:/etc/xdg', 'XDG_DATA_DIRS': '/usr/share/ubuntu:/usr/local/share/:/usr/share/:/var/lib/snapd/desktop', 'PYTHONPATH': '/home/josea/ros2_ws/build/basic_comms/prefix_override:/usr/lib/python3/dist-packages/colcon_core/task/python/colcon_distutils_commands:/home/josea/ros2_ws/install/basic_comms/lib/python3.10/site-packages:/home/josea/ros2_ws/install/my_pack_clas/lib/python3.10/site-packages:/home/josea/ros2_ws/install/motor_control/lib/python3.10/site-packages:/home/josea/ros2_ws/install/challenge02/lib/python3.10/site-packages:/home/josea/ros2_ws/install/challenge01/lib/python3.10/site-packages:/home/josea/ros2_ws/install/basic_comms/lib/python3.10/site-packages:/home/josea/ros2_ws/install/Challenge02/lib/python3.10/site-packages:/opt/ros/humble/lib/python3.10/site-packages:/opt/ros/humble/local/lib/python3.10/dist-packages', 'COLCON': '1', 'VTE_VERSION': '6800'}, 'shell': False}
[2.217701] (-) TimerEvent: {}
[2.318386] (-) TimerEvent: {}
[2.418992] (-) TimerEvent: {}
[2.499268] (basic_comms) StderrLine: {'line': b'Traceback (most recent call last):\n'}
[2.499720] (basic_comms) StderrLine: {'line': b'  File "/usr/lib/python3/dist-packages/pkg_resources/__init__.py", line 2031, in try_parse\n'}
[2.499926] (challenge01) StderrLine: {'line': b'Traceback (most recent call last):\n'}
[2.500063] (challenge01) StderrLine: {'line': b'  File "/usr/lib/python3/dist-packages/pkg_resources/__init__.py", line 2031, in try_parse\n'}
[2.505262] (challenge01) StderrLine: {'line': b'    return packaging.version.Version(name)\n'}
[2.506183] (basic_comms) StderrLine: {'line': b'    return packaging.version.Version(name)\n'}
[2.506786] (basic_comms) StderrLine: {'line': b'  File "/usr/lib/python3/dist-packages/pkg_resources/_vendor/packaging/version.py", line 266, in __init__\n'}
[2.506929] (challenge01) StderrLine: {'line': b'  File "/usr/lib/python3/dist-packages/pkg_resources/_vendor/packaging/version.py", line 266, in __init__\n'}
[2.507057] (challenge01) StderrLine: {'line': b'    raise InvalidVersion(f"Invalid version: \'{version}\'")\n'}
[2.507171] (challenge01) StderrLine: {'line': b"pkg_resources.extern.packaging.version.InvalidVersion: Invalid version: '.egg-info'\n"}
[2.507321] (challenge01) StderrLine: {'line': b'\n'}
[2.507469] (challenge01) StderrLine: {'line': b'During handling of the above exception, another exception occurred:\n'}
[2.507629] (challenge01) StderrLine: {'line': b'\n'}
[2.510078] (challenge01) StderrLine: {'line': b'Traceback (most recent call last):\n'}
[2.510255] (challenge01) StderrLine: {'line': b'  File "/home/josea/ros2_ws/src/challenge01/setup.py", line 5, in <module>\n'}
[2.510400] (challenge01) StderrLine: {'line': b'    from setuptools import find_packages, setup\n'}
[2.510527] (challenge01) StderrLine: {'line': b'  File "/usr/lib/python3/dist-packages/setuptools/__init__.py", line 16, in <module>\n'}
[2.510693] (basic_comms) StderrLine: {'line': b'    raise InvalidVersion(f"Invalid version: \'{version}\'")\n'}
[2.510845] (basic_comms) StderrLine: {'line': b"pkg_resources.extern.packaging.version.InvalidVersion: Invalid version: '/opt/ros/humble/local/lib/python3.10/dist'\n"}
[2.510981] (basic_comms) StderrLine: {'line': b'\n'}
[2.511111] (basic_comms) StderrLine: {'line': b'During handling of the above exception, another exception occurred:\n'}
[2.511244] (basic_comms) StderrLine: {'line': b'\n'}
[2.511377] (basic_comms) StderrLine: {'line': b'Traceback (most recent call last):\n'}
[2.511510] (basic_comms) StderrLine: {'line': b'  File "/home/josea/ros2_ws/src/basic_comms/setup.py", line 1, in <module>\n'}
[2.513564] (basic_comms) StderrLine: {'line': b'    from setuptools import find_packages, setup\n'}
[2.514104] (basic_comms) StderrLine: {'line': b'  File "/usr/lib/python3/dist-packages/setuptools/__init__.py", line 16, in <module>\n'}
[2.514233] (challenge01) StderrLine: {'line': b'    import setuptools.version\n'}
[2.514872] (challenge01) StderrLine: {'line': b'  File "/usr/lib/python3/dist-packages/setuptools/version.py", line 1, in <module>\n'}
[2.515026] (challenge01) StderrLine: {'line': b'    import pkg_resources\n'}
[2.515167] (challenge01) StderrLine: {'line': b'  File "/usr/lib/python3/dist-packages/pkg_resources/__init__.py", line 3267, in <module>\n'}
[2.515320] (challenge01) StderrLine: {'line': b'    def _initialize_master_working_set():\n'}
[2.515458] (challenge01) StderrLine: {'line': b'  File "/usr/lib/python3/dist-packages/pkg_resources/__init__.py", line 3241, in _call_aside\n'}
[2.515591] (basic_comms) StderrLine: {'line': b'    import setuptools.version\n'}
[2.517313] (basic_comms) StderrLine: {'line': b'  File "/usr/lib/python3/dist-packages/setuptools/version.py", line 1, in <module>\n'}
[2.517490] (basic_comms) StderrLine: {'line': b'    import pkg_resources\n'}
[2.517622] (basic_comms) StderrLine: {'line': b'  File "/usr/lib/python3/dist-packages/pkg_resources/__init__.py", line 3267, in <module>\n'}
[2.517760] (basic_comms) StderrLine: {'line': b'    def _initialize_master_working_set():\n'}
[2.517910] (basic_comms) StderrLine: {'line': b'  File "/usr/lib/python3/dist-packages/pkg_resources/__init__.py", line 3241, in _call_aside\n'}
[2.518053] (challenge01) StderrLine: {'line': b'    f(*args, **kwargs)\n'}
[2.519850] (-) TimerEvent: {}
[2.520148] (challenge01) StderrLine: {'line': b'  File "/usr/lib/python3/dist-packages/pkg_resources/__init__.py", line 3279, in _initialize_master_working_set\n'}
[2.520385] (challenge01) StderrLine: {'line': b'    working_set = WorkingSet._build_master()\n'}
[2.520528] (challenge01) StderrLine: {'line': b'  File "/usr/lib/python3/dist-packages/pkg_resources/__init__.py", line 564, in _build_master\n'}
[2.520695] (challenge01) StderrLine: {'line': b'    ws = cls()\n'}
[2.520831] (challenge01) StderrLine: {'line': b'  File "/usr/lib/python3/dist-packages/pkg_resources/__init__.py", line 557, in __init__\n'}
[2.520943] (challenge01) StderrLine: {'line': b'    self.add_entry(entry)\n'}
[2.521050] (challenge01) StderrLine: {'line': b'  File "/usr/lib/python3/dist-packages/pkg_resources/__init__.py", line 613, in add_entry\n'}
[2.521209] (challenge01) StderrLine: {'line': b'    for dist in find_distributions(entry, True):\n'}
[2.521395] (challenge01) StderrLine: {'line': b'  File "/usr/lib/python3/dist-packages/pkg_resources/__init__.py", line 2073, in find_on_path\n'}
[2.521588] (challenge01) StderrLine: {'line': b'    path_item_entries = _by_version_descending(filtered)\n'}
[2.524004] (challenge01) StderrLine: {'line': b'  File "/usr/lib/python3/dist-packages/pkg_resources/__init__.py", line 2043, in _by_version_descending\n'}
[2.524228] (basic_comms) StderrLine: {'line': b'    f(*args, **kwargs)\n'}
[2.524413] (basic_comms) StderrLine: {'line': b'  File "/usr/lib/python3/dist-packages/pkg_resources/__init__.py", line 3279, in _initialize_master_working_set\n'}
[2.524578] (basic_comms) StderrLine: {'line': b'    working_set = WorkingSet._build_master()\n'}
[2.524786] (basic_comms) StderrLine: {'line': b'  File "/usr/lib/python3/dist-packages/pkg_resources/__init__.py", line 564, in _build_master\n'}
[2.527694] (basic_comms) StderrLine: {'line': b'    ws = cls()\n'}
[2.528033] (basic_comms) StderrLine: {'line': b'  File "/usr/lib/python3/dist-packages/pkg_resources/__init__.py", line 557, in __init__\n'}
[2.528289] (basic_comms) StderrLine: {'line': b'    self.add_entry(entry)\n'}
[2.528493] (basic_comms) StderrLine: {'line': b'  File "/usr/lib/python3/dist-packages/pkg_resources/__init__.py", line 613, in add_entry\n'}
[2.531737] (basic_comms) StderrLine: {'line': b'    for dist in find_distributions(entry, True):\n'}
[2.532070] (basic_comms) StderrLine: {'line': b'  File "/usr/lib/python3/dist-packages/pkg_resources/__init__.py", line 2073, in find_on_path\n'}
[2.532254] (challenge01) StderrLine: {'line': b'    return sorted(names, key=_by_version, reverse=True)\n'}
[2.532419] (challenge01) StderrLine: {'line': b'  File "/usr/lib/python3/dist-packages/pkg_resources/__init__.py", line 2041, in _by_version\n'}
[2.532552] (challenge01) StderrLine: {'line': b'    return [try_parse(part) for part in parts]\n'}
[2.532719] (challenge01) StderrLine: {'line': b'  File "/usr/lib/python3/dist-packages/pkg_resources/__init__.py", line 2041, in <listcomp>\n'}
[2.532851] (basic_comms) StderrLine: {'line': b'    path_item_entries = _by_version_descending(filtered)\n'}
[2.532981] (challenge01) StderrLine: {'line': b'    return [try_parse(part) for part in parts]\n'}
[2.533132] (challenge01) StderrLine: {'line': b'  File "/usr/lib/python3/dist-packages/pkg_resources/__init__.py", line 2033, in try_parse\n'}
[2.533289] (challenge01) StderrLine: {'line': b"    return packaging.version.Version('0')\n"}
[2.533430] (challenge01) StderrLine: {'line': b'  File "/usr/lib/python3/dist-packages/pkg_resources/_vendor/packaging/version.py", line 264, in __init__\n'}
[2.533562] (challenge01) StderrLine: {'line': b'    match = self._regex.search(version)\n'}
[2.536936] (basic_comms) StderrLine: {'line': b'  File "/usr/lib/python3/dist-packages/pkg_resources/__init__.py", line 2043, in _by_version_descending\n'}
[2.537163] (basic_comms) StderrLine: {'line': b'    return sorted(names, key=_by_version, reverse=True)\n'}
[2.537309] (basic_comms) StderrLine: {'line': b'  File "/usr/lib/python3/dist-packages/pkg_resources/__init__.py", line 2041, in _by_version\n'}
[2.537487] (challenge01) StderrLine: {'line': b'KeyboardInterrupt\n'}
[2.537625] (basic_comms) StderrLine: {'line': b'    return [try_parse(part) for part in parts]\n'}
[2.537796] (basic_comms) StderrLine: {'line': b'  File "/usr/lib/python3/dist-packages/pkg_resources/__init__.py", line 2041, in <listcomp>\n'}
[2.537976] (basic_comms) StderrLine: {'line': b'    return [try_parse(part) for part in parts]\n'}
[2.538159] (basic_comms) StderrLine: {'line': b'  File "/usr/lib/python3/dist-packages/pkg_resources/__init__.py", line 2033, in try_parse\n'}
[2.538354] (basic_comms) StderrLine: {'line': b"    return packaging.version.Version('0')\n"}
[2.538557] (basic_comms) StderrLine: {'line': b'  File "/usr/lib/python3/dist-packages/pkg_resources/_vendor/packaging/version.py", line 281, in __init__\n'}
[2.543137] (basic_comms) StderrLine: {'line': b'    self._key = _cmpkey(\n'}
[2.543462] (basic_comms) StderrLine: {'line': b'  File "/usr/lib/python3/dist-packages/pkg_resources/_vendor/packaging/version.py", line 458, in _cmpkey\n'}
[2.545886] (basic_comms) StderrLine: {'line': b'    _release = tuple(\n'}
[2.546094] (basic_comms) StderrLine: {'line': b'KeyboardInterrupt\n'}
[2.581951] (basic_comms) CommandEnded: {'returncode': -2}
[2.583021] (basic_comms) JobEnded: {'identifier': 'basic_comms', 'rc': 'SIGINT'}
[2.588104] (challenge01) JobEnded: {'identifier': 'challenge01', 'rc': 'SIGINT'}
[2.599040] (challenge02) JobSkipped: {'identifier': 'challenge02'}
[2.599159] (motor_control) JobSkipped: {'identifier': 'motor_control'}
[2.599203] (my_pack_clas) JobSkipped: {'identifier': 'my_pack_clas'}
[2.599237] (-) EventReactorShutdown: {}
